grading/invalid/parser//2-package_declaration/empty1.go: INVALID: golite.parser.ParserException: [2,1] expecting: 'package'golite.parser.ParserException: [2,1] expecting: 'package'
	at golite.parser.Parser.parse(Parser.java:182)
	at golite.Main.main(Main.java:142)
[pass]
grading/invalid/parser//2-package_declaration/empty2.go: INVALID: golite.parser.ParserException: [3,1] expecting: 'package'golite.parser.ParserException: [3,1] expecting: 'package'
	at golite.parser.Parser.parse(Parser.java:182)
	at golite.Main.main(Main.java:142)
[pass]
grading/invalid/parser//2-package_declaration/package1.go: INVALID: golite.parser.ParserException: [2,1] expecting: type, idgolite.parser.ParserException: [2,1] expecting: type, id
	at golite.parser.Parser.parse(Parser.java:182)
	at golite.Main.main(Main.java:142)
[pass]
grading/invalid/parser//2-package_declaration/package2.go: INVALID: golite.parser.ParserException: [3,1] expecting: ';'golite.parser.ParserException: [3,1] expecting: ';'
	at golite.parser.Parser.parse(Parser.java:182)
	at golite.Main.main(Main.java:142)
[pass]
grading/invalid/parser//2-package_declaration/package3.go: INVALID: golite.parser.ParserException: [1,14] expecting: ';'golite.parser.ParserException: [1,14] expecting: ';'
	at golite.parser.Parser.parse(Parser.java:182)
	at golite.Main.main(Main.java:142)
[pass]
grading/invalid/parser//2-package_declaration/package4.go: INVALID: golite.parser.ParserException: [1,13] expecting: ';'golite.parser.ParserException: [1,13] expecting: ';'
	at golite.parser.Parser.parse(Parser.java:182)
	at golite.Main.main(Main.java:142)
[pass]
grading/invalid/parser//2-package_declaration/package5.go: [fail]
grading/invalid/parser//2-package_declaration/package6.go: INVALID: golite.parser.ParserException: [1,1] expecting: 'package'golite.parser.ParserException: [1,1] expecting: 'package'
	at golite.parser.Parser.parse(Parser.java:182)
	at golite.Main.main(Main.java:142)
[pass]
grading/invalid/parser//2-package_declaration/package7.go: INVALID: golite.parser.ParserException: [1,9] expecting: type, idgolite.parser.ParserException: [1,9] expecting: type, id
	at golite.parser.Parser.parse(Parser.java:182)
	at golite.Main.main(Main.java:142)
[pass]
grading/invalid/parser//2-package_declaration/package8.go: INVALID: golite.parser.ParserException: [1,9] expecting: type, idgolite.parser.ParserException: [1,9] expecting: type, id
	at golite.parser.Parser.parse(Parser.java:182)
	at golite.Main.main(Main.java:142)
[pass]
grading/invalid/parser//3-top-level_declaration/tld1.go: INVALID: golite.parser.ParserException: [4,1] expecting: EOFgolite.parser.ParserException: [4,1] expecting: EOF
	at golite.parser.Parser.parse(Parser.java:182)
	at golite.Main.main(Main.java:142)
[pass]
grading/invalid/parser//3-top-level_declaration/tld2.go: INVALID: golite.parser.ParserException: [3,1] expecting: EOFgolite.parser.ParserException: [3,1] expecting: EOF
	at golite.parser.Parser.parse(Parser.java:182)
	at golite.Main.main(Main.java:142)
[pass]
grading/invalid/parser//3-top-level_declaration/tld3.go: INVALID: golite.parser.ParserException: [3,1] expecting: EOFgolite.parser.ParserException: [3,1] expecting: EOF
	at golite.parser.Parser.parse(Parser.java:182)
	at golite.Main.main(Main.java:142)
[pass]
grading/invalid/parser//3-top-level_declaration/tld4.go: INVALID: golite.parser.ParserException: [3,1] expecting: EOFgolite.parser.ParserException: [3,1] expecting: EOF
	at golite.parser.Parser.parse(Parser.java:182)
	at golite.Main.main(Main.java:142)
[pass]
grading/invalid/parser//3-top-level_declaration/tld5.go: INVALID: golite.parser.ParserException: [3,1] expecting: EOFgolite.parser.ParserException: [3,1] expecting: EOF
	at golite.parser.Parser.parse(Parser.java:182)
	at golite.Main.main(Main.java:142)
[pass]
grading/invalid/parser//3-top-level_declaration/tld6.go: INVALID: golite.parser.ParserException: [3,1] expecting: EOFgolite.parser.ParserException: [3,1] expecting: EOF
	at golite.parser.Parser.parse(Parser.java:182)
	at golite.Main.main(Main.java:142)
[pass]
grading/invalid/parser//3-top-level_declaration/tld7.go: INVALID: golite.parser.ParserException: [3,1] expecting: EOFgolite.parser.ParserException: [3,1] expecting: EOF
	at golite.parser.Parser.parse(Parser.java:182)
	at golite.Main.main(Main.java:142)
[pass]
grading/invalid/parser//3-top-level_declaration/tld8.go: INVALID: golite.parser.ParserException: [3,1] expecting: EOFgolite.parser.ParserException: [3,1] expecting: EOF
	at golite.parser.Parser.parse(Parser.java:182)
	at golite.Main.main(Main.java:142)
[pass]
grading/invalid/parser//3-top-level_declaration/tld9.go: INVALID: golite.parser.ParserException: [7,1] expecting: EOFgolite.parser.ParserException: [7,1] expecting: EOF
	at golite.parser.Parser.parse(Parser.java:182)
	at golite.Main.main(Main.java:142)
[pass]
grading/invalid/parser//4-variable_declaration/vardec1.go: INVALID: golite.parser.ParserException: [4,1] expecting: type, '(', idgolite.parser.ParserException: [4,1] expecting: type, '(', id
	at golite.parser.Parser.parse(Parser.java:182)
	at golite.Main.main(Main.java:142)
[pass]
grading/invalid/parser//4-variable_declaration/vardec10.go: INVALID: golite.parser.ParserException: [3,11] expecting: ';'golite.parser.ParserException: [3,11] expecting: ';'
	at golite.parser.Parser.parse(Parser.java:182)
	at golite.Main.main(Main.java:142)
[pass]
grading/invalid/parser//4-variable_declaration/vardec11.go: INVALID: golite.parser.ParserException: [5,8] expecting: ';'golite.parser.ParserException: [5,8] expecting: ';'
	at golite.parser.Parser.parse(Parser.java:182)
	at golite.Main.main(Main.java:142)
[pass]
grading/invalid/parser//4-variable_declaration/vardec12.go: INVALID: golite.parser.ParserException: [0,0] expecting: type, '=', '[', ',', idgolite.parser.ParserException: [0,0] expecting: type, '=', '[', ',', id
	at golite.parser.Parser.parse(Parser.java:182)
	at golite.Main.main(Main.java:142)
[pass]
grading/invalid/parser//4-variable_declaration/vardec13.go: INVALID: golite.parser.ParserException: [6,5] expecting: op equals, '=', ':=', ','golite.parser.ParserException: [6,5] expecting: op equals, '=', ':=', ','
	at golite.parser.Parser.parse(Parser.java:182)
	at golite.Main.main(Main.java:142)
[pass]
grading/invalid/parser//4-variable_declaration/vardec14.go: INVALID: golite.parser.ParserException: [5,3] expecting: type, ')', idgolite.parser.ParserException: [5,3] expecting: type, ')', id
	at golite.parser.Parser.parse(Parser.java:182)
	at golite.Main.main(Main.java:142)
[pass]
grading/invalid/parser//4-variable_declaration/vardec15.go: INVALID: golite.parser.ParserException: [5,1] expecting: type, '+', '-', '^', '!', '(', 'append', int, oct, hex, float64 literal, rune literal, raw string lit, interpreted string literal, idgolite.parser.ParserException: [5,1] expecting: type, '+', '-', '^', '!', '(', 'append', int, oct, hex, float64 literal, rune literal, raw string lit, interpreted string literal, id
	at golite.parser.Parser.parse(Parser.java:182)
	at golite.Main.main(Main.java:142)
[pass]
grading/invalid/parser//4-variable_declaration/vardec16.go: INVALID: golite.parser.ParserException: [5,1] expecting: type, '+', '-', '^', '!', '(', 'append', int, oct, hex, float64 literal, rune literal, raw string lit, interpreted string literal, idgolite.parser.ParserException: [5,1] expecting: type, '+', '-', '^', '!', '(', 'append', int, oct, hex, float64 literal, rune literal, raw string lit, interpreted string literal, id
	at golite.parser.Parser.parse(Parser.java:182)
	at golite.Main.main(Main.java:142)
[pass]
grading/invalid/parser//4-variable_declaration/vardec17.go: INVALID: golite.parser.ParserException: [5,11] expecting: type, '=', '[', ',', idgolite.parser.ParserException: [5,11] expecting: type, '=', '[', ',', id
	at golite.parser.Parser.parse(Parser.java:182)
	at golite.Main.main(Main.java:142)
[pass]
grading/invalid/parser//4-variable_declaration/vardec18.go: 